<?xml version="1.0" encoding="UTF-8"?>
<!-- Generated by org.testng.reporters.JUnitXMLReporter -->
<testsuite ignored="0" hostname="DESKTOP-EG210D4" failures="0" tests="6" name="Test" time="21.666" errors="0" timestamp="2023-03-31T12:46:18 IST">
  <testcase classname="testng.Flipkart" name="bestsellerclick" time="1.298"/>
  <testcase classname="testng.Amazon" name="bestsellerclick" time="3.062"/>
  <testcase classname="testng.Flipkart" name="imagedisplayed" time="0.184"/>
  <testcase classname="testng.Amazon" name="imagedisplayed" time="0.43"/>
  <testcase classname="testng.Flipkart" name="titlename" time="0.318"/>
  <testcase classname="testng.Amazon" name="titlename" time="0.13"/>
</testsuite> <!-- Test -->
